Arguments: 
  /usr/local/bin/node /usr/local/Cellar/yarn/1.22.19/libexec/bin/yarn.js mig-run2

PATH: 
  /Users/luccaradaeli/Library/pnpm:/Library/Frameworks/Python.framework/Versions/3.10/bin:/usr/local/bin:/usr/bin:/bin:/usr/sbin:/sbin:/Library/Apple/usr/bin:/Users/luccaradaeli/Library/pnpm:/Users/luccaradaeli/.local/share/zinit/polaris/bin:/Library/Frameworks/Python.framework/Versions/3.10/bin

Yarn version: 
  1.22.19

Node version: 
  16.16.0

Platform: 
  darwin x64

Trace: 
  SyntaxError: /Users/luccaradaeli/github/guess-the-champ-server/package.json: Unexpected string in JSON at position 546
      at JSON.parse (<anonymous>)
      at /usr/local/Cellar/yarn/1.22.19/libexec/lib/cli.js:1629:59
      at Generator.next (<anonymous>)
      at step (/usr/local/Cellar/yarn/1.22.19/libexec/lib/cli.js:310:30)
      at /usr/local/Cellar/yarn/1.22.19/libexec/lib/cli.js:321:13

npm manifest: 
  {
    "name": "guess-the-champ-server",
    "version": "1.0.0",
    "description": "",
    "main": "index.js",
    "scripts": {
      "test": "jest",
      "dev": "nodemon",
      "prod": "pnpm build && cd ./build && node ./server.js",
      "build": "rimraf ./build && tsc",
      "tsc": "tsc",
      "start": "npm run build && node build/index.js",
      "lint": "eslint . --ext .ts",
      "mig-create": "node ./scripts/migration-create.js",
      "mig-run": "ts-node -r tsconfig-paths/register ./node_modules/typeorm/cli.js migration:run -d ./src/database/index.ts"
      "mig-run2": "node ./scripts/migration-run.js"
    },
    "keywords": [],
    "author": "",
    "license": "ISC",
    "devDependencies": {
      "@types/cors": "^2.8.12",
      "@types/crypto-js": "^4.1.1",
      "@types/express": "^4.17.13",
      "@types/jest": "^28.1.7",
      "@types/jsonwebtoken": "^8.5.9",
      "@types/node": "^18.7.8",
      "@typescript-eslint/eslint-plugin": "^5.33.1",
      "@typescript-eslint/parser": "^5.33.1",
      "eslint": "^8.22.0",
      "jest": "^28.1.3",
      "nodemon": "^2.0.19",
      "rimraf": "^3.0.2",
      "ts-jest": "^28.0.8",
      "ts-node": "^10.9.1",
      "tsconfig-paths": "^4.1.0",
      "typescript": "^4.7.4"
    },
    "dependencies": {
      "axios": "^0.27.2",
      "cors": "^2.8.5",
      "crypto-js": "^4.1.1",
      "dotenv": "^16.0.1",
      "express": "^4.18.1",
      "jsonwebtoken": "^8.5.1",
      "pg": "^8.8.0",
      "reflect-metadata": "^0.1.13",
      "typeorm": "^0.3.9",
      "yup": "^0.32.11"
    }
  }

yarn manifest: 
  No manifest

Lockfile: 
  No lockfile
